<?xml version="1.0" encoding="UTF-8"?>
<!-- Generated by org.testng.reporters.JUnitXMLReporter -->
<testsuite hostname="Prasannas-MacBook-Pro.local" ignored="0" name="Default test" tests="7" failures="0" timestamp="25 Jan 2019 13:39:07 GMT" time="134.643" errors="0">
  <testcase name="openBrowser" time="30.975" classname="webMOBI_AssignmentCode.FrstClass"/>
  <testcase name="step1" time="5.147" classname="webMOBI_AssignmentCode.FrstClass"/>
  <testcase name="step2" time="6.512" classname="webMOBI_AssignmentCode.FrstClass"/>
  <testcase name="step3" time="3.081" classname="webMOBI_AssignmentCode.ScndClass"/>
  <testcase name="step4" time="9.79" classname="webMOBI_AssignmentCode.ScndClass"/>
  <testcase name="step5" time="33.355" classname="webMOBI_AssignmentCode.ScndClass"/>
  <testcase name="step6" time="45.705" classname="webMOBI_AssignmentCode.ScndClass"/>
</testsuite> <!-- Default test -->
