<?xml version="1.0" encoding="UTF-8"?>
<testng-results skipped="0" failed="0" ignored="0" total="7" passed="7">
  <reporter-output>
  </reporter-output>
  <suite name="Default suite" duration-ms="134643" started-at="2019-01-25T13:36:52Z" finished-at="2019-01-25T13:39:07Z">
    <groups>
      <group name="lastmethod of FrstClass">
        <method signature="FrstClass.step2()[pri:2, instance:webMOBI_AssignmentCode.ScndClass@62ee68d8]" name="step2" class="webMOBI_AssignmentCode.FrstClass"/>
      </group> <!-- lastmethod of FrstClass -->
    </groups>
    <test name="Default test" duration-ms="134643" started-at="2019-01-25T13:36:52Z" finished-at="2019-01-25T13:39:07Z">
      <class name="webMOBI_AssignmentCode.ScndClass">
        <test-method status="PASS" signature="openBrowser()[pri:0, instance:webMOBI_AssignmentCode.ScndClass@62ee68d8]" name="openBrowser" duration-ms="30975" started-at="2019-01-25T13:36:52Z" finished-at="2019-01-25T13:37:23Z">
          <reporter-output>
          </reporter-output>
        </test-method> <!-- openBrowser -->
        <test-method status="PASS" signature="step1()[pri:1, instance:webMOBI_AssignmentCode.ScndClass@62ee68d8]" name="step1" duration-ms="5147" started-at="2019-01-25T13:37:23Z" finished-at="2019-01-25T13:37:28Z">
          <reporter-output>
          </reporter-output>
        </test-method> <!-- step1 -->
        <test-method status="PASS" signature="step2()[pri:2, instance:webMOBI_AssignmentCode.ScndClass@62ee68d8]" name="step2" duration-ms="6512" started-at="2019-01-25T13:37:28Z" finished-at="2019-01-25T13:37:35Z">
          <reporter-output>
          </reporter-output>
        </test-method> <!-- step2 -->
        <test-method status="PASS" signature="step3()[pri:3, instance:webMOBI_AssignmentCode.ScndClass@62ee68d8]" name="step3" duration-ms="3081" started-at="2019-01-25T13:37:35Z" finished-at="2019-01-25T13:37:38Z">
          <reporter-output>
          </reporter-output>
        </test-method> <!-- step3 -->
        <test-method status="PASS" signature="step4()[pri:4, instance:webMOBI_AssignmentCode.ScndClass@62ee68d8]" name="step4" duration-ms="9790" started-at="2019-01-25T13:37:38Z" finished-at="2019-01-25T13:37:48Z">
          <reporter-output>
          </reporter-output>
        </test-method> <!-- step4 -->
        <test-method status="PASS" signature="step5()[pri:5, instance:webMOBI_AssignmentCode.ScndClass@62ee68d8]" name="step5" duration-ms="33355" started-at="2019-01-25T13:37:48Z" finished-at="2019-01-25T13:38:21Z">
          <reporter-output>
          </reporter-output>
        </test-method> <!-- step5 -->
        <test-method status="PASS" signature="step6()[pri:6, instance:webMOBI_AssignmentCode.ScndClass@62ee68d8]" name="step6" duration-ms="45705" started-at="2019-01-25T13:38:21Z" finished-at="2019-01-25T13:39:07Z">
          <reporter-output>
          </reporter-output>
        </test-method> <!-- step6 -->
      </class> <!-- webMOBI_AssignmentCode.ScndClass -->
    </test> <!-- Default test -->
  </suite> <!-- Default suite -->
</testng-results>
