<?xml version="1.0" encoding="UTF-8"?>
<testng-results skipped="0" failed="1" ignored="0" total="7" passed="6">
  <reporter-output>
  </reporter-output>
  <suite name="Suite" duration-ms="320761" started-at="2019-01-24T22:13:59Z" finished-at="2019-01-24T22:19:19Z">
    <groups>
      <group name="lastmethod of FrstClass">
        <method signature="FrstClass.step2()[pri:2, instance:webMOBI_AssignmentCode.ScndClass@62ee68d8]" name="step2" class="webMOBI_AssignmentCode.FrstClass"/>
      </group> <!-- lastmethod of FrstClass -->
    </groups>
    <test name="Test" duration-ms="320761" started-at="2019-01-24T22:13:59Z" finished-at="2019-01-24T22:19:19Z">
      <class name="webMOBI_AssignmentCode.ScndClass">
        <test-method status="PASS" signature="openBrowser()[pri:0, instance:webMOBI_AssignmentCode.ScndClass@62ee68d8]" name="openBrowser" duration-ms="54308" started-at="2019-01-24T22:13:59Z" finished-at="2019-01-24T22:14:53Z">
          <reporter-output>
          </reporter-output>
        </test-method> <!-- openBrowser -->
        <test-method status="PASS" signature="step1()[pri:1, instance:webMOBI_AssignmentCode.ScndClass@62ee68d8]" name="step1" duration-ms="31469" started-at="2019-01-24T22:14:53Z" finished-at="2019-01-24T22:15:24Z">
          <reporter-output>
          </reporter-output>
        </test-method> <!-- step1 -->
        <test-method status="PASS" signature="step2()[pri:2, instance:webMOBI_AssignmentCode.ScndClass@62ee68d8]" name="step2" duration-ms="32682" started-at="2019-01-24T22:15:24Z" finished-at="2019-01-24T22:15:57Z">
          <reporter-output>
          </reporter-output>
        </test-method> <!-- step2 -->
        <test-method status="PASS" signature="step3()[pri:3, instance:webMOBI_AssignmentCode.ScndClass@62ee68d8]" name="step3" duration-ms="1309" started-at="2019-01-24T22:15:57Z" finished-at="2019-01-24T22:15:58Z">
          <reporter-output>
          </reporter-output>
        </test-method> <!-- step3 -->
        <test-method status="PASS" signature="step4()[pri:4, instance:webMOBI_AssignmentCode.ScndClass@62ee68d8]" name="step4" duration-ms="6396" started-at="2019-01-24T22:15:58Z" finished-at="2019-01-24T22:16:05Z">
          <reporter-output>
          </reporter-output>
        </test-method> <!-- step4 -->
        <test-method status="PASS" signature="step5()[pri:5, instance:webMOBI_AssignmentCode.ScndClass@62ee68d8]" name="step5" duration-ms="193752" started-at="2019-01-24T22:16:05Z" finished-at="2019-01-24T22:19:19Z">
          <reporter-output>
          </reporter-output>
        </test-method> <!-- step5 -->
        <test-method status="FAIL" signature="step6()[pri:6, instance:webMOBI_AssignmentCode.ScndClass@62ee68d8]" name="step6" duration-ms="772" started-at="2019-01-24T22:19:19Z" finished-at="2019-01-24T22:19:19Z">
          <exception class="org.openqa.selenium.NoSuchWindowException">
            <message>
              <![CDATA[no such window: target window already closed
from unknown error: web view not found
  (Session info: chrome=71.0.3578.98)
  (Driver info: chromedriver=2.45.615355 (d5698f682d8b2742017df6c81e0bd8e6a3063189),platform=Mac OS X 10.14.1 x86_64) (WARNING: The server did not provide any stacktrace information)
Command duration or timeout: 0 milliseconds
Build info: version: '3.141.59', revision: 'e82be7d358', time: '2018-11-14T08:25:53'
System info: host: 'Prasannas-MacBook-Pro.local', ip: '192.168.1.8', os.name: 'Mac OS X', os.arch: 'x86_64', os.version: '10.14.1', java.version: '1.8.0_151'
Driver info: org.openqa.selenium.chrome.ChromeDriver
Capabilities {acceptInsecureCerts: false, acceptSslCerts: false, applicationCacheEnabled: false, browserConnectionEnabled: false, browserName: chrome, chrome: {chromedriverVersion: 2.45.615355 (d5698f682d8b27..., userDataDir: /var/folders/fp/j9g6tbzn1bq...}, cssSelectorsEnabled: true, databaseEnabled: false, goog:chromeOptions: {debuggerAddress: localhost:62439}, handlesAlerts: true, hasTouchScreen: false, javascriptEnabled: true, locationContextEnabled: true, mobileEmulationEnabled: false, nativeEvents: true, networkConnectionEnabled: false, pageLoadStrategy: normal, platform: MAC, platformName: MAC, proxy: Proxy(), rotatable: false, setWindowRect: true, strictFileInteractability: false, takesHeapSnapshot: true, takesScreenshot: true, timeouts: {implicit: 0, pageLoad: 300000, script: 30000}, unexpectedAlertBehaviour: ignore, unhandledPromptBehavior: ignore, version: 71.0.3578.98, webStorageEnabled: true}
Session ID: a45fcfee6fb7734a09c6ee504a1a58f2
*** Element info: {Using=xpath, value=//input[@id='title']}]]>
            </message>
            <full-stacktrace>
              <![CDATA[org.openqa.selenium.NoSuchWindowException: no such window: target window already closed
from unknown error: web view not found
  (Session info: chrome=71.0.3578.98)
  (Driver info: chromedriver=2.45.615355 (d5698f682d8b2742017df6c81e0bd8e6a3063189),platform=Mac OS X 10.14.1 x86_64) (WARNING: The server did not provide any stacktrace information)
Command duration or timeout: 0 milliseconds
Build info: version: '3.141.59', revision: 'e82be7d358', time: '2018-11-14T08:25:53'
System info: host: 'Prasannas-MacBook-Pro.local', ip: '192.168.1.8', os.name: 'Mac OS X', os.arch: 'x86_64', os.version: '10.14.1', java.version: '1.8.0_151'
Driver info: org.openqa.selenium.chrome.ChromeDriver
Capabilities {acceptInsecureCerts: false, acceptSslCerts: false, applicationCacheEnabled: false, browserConnectionEnabled: false, browserName: chrome, chrome: {chromedriverVersion: 2.45.615355 (d5698f682d8b27..., userDataDir: /var/folders/fp/j9g6tbzn1bq...}, cssSelectorsEnabled: true, databaseEnabled: false, goog:chromeOptions: {debuggerAddress: localhost:62439}, handlesAlerts: true, hasTouchScreen: false, javascriptEnabled: true, locationContextEnabled: true, mobileEmulationEnabled: false, nativeEvents: true, networkConnectionEnabled: false, pageLoadStrategy: normal, platform: MAC, platformName: MAC, proxy: Proxy(), rotatable: false, setWindowRect: true, strictFileInteractability: false, takesHeapSnapshot: true, takesScreenshot: true, timeouts: {implicit: 0, pageLoad: 300000, script: 30000}, unexpectedAlertBehaviour: ignore, unhandledPromptBehavior: ignore, version: 71.0.3578.98, webStorageEnabled: true}
Session ID: a45fcfee6fb7734a09c6ee504a1a58f2
*** Element info: {Using=xpath, value=//input[@id='title']}
at sun.reflect.NativeConstructorAccessorImpl.newInstance0(Native Method)
at sun.reflect.NativeConstructorAccessorImpl.newInstance(NativeConstructorAccessorImpl.java:62)
at sun.reflect.DelegatingConstructorAccessorImpl.newInstance(DelegatingConstructorAccessorImpl.java:45)
at java.lang.reflect.Constructor.newInstance(Constructor.java:423)
at org.openqa.selenium.remote.ErrorHandler.createThrowable(ErrorHandler.java:214)
at org.openqa.selenium.remote.ErrorHandler.throwIfResponseFailed(ErrorHandler.java:166)
at org.openqa.selenium.remote.http.JsonHttpResponseCodec.reconstructValue(JsonHttpResponseCodec.java:40)
at org.openqa.selenium.remote.http.AbstractHttpResponseCodec.decode(AbstractHttpResponseCodec.java:80)
at org.openqa.selenium.remote.http.AbstractHttpResponseCodec.decode(AbstractHttpResponseCodec.java:44)
at org.openqa.selenium.remote.HttpCommandExecutor.execute(HttpCommandExecutor.java:158)
at org.openqa.selenium.remote.service.DriverCommandExecutor.execute(DriverCommandExecutor.java:83)
at org.openqa.selenium.remote.RemoteWebDriver.execute(RemoteWebDriver.java:552)
at org.openqa.selenium.remote.RemoteWebDriver.findElement(RemoteWebDriver.java:323)
at org.openqa.selenium.remote.RemoteWebDriver.findElementByXPath(RemoteWebDriver.java:428)
at org.openqa.selenium.By$ByXPath.findElement(By.java:353)
at org.openqa.selenium.remote.RemoteWebDriver.findElement(RemoteWebDriver.java:315)
at webMOBI_AssignmentCode.ScndClass.step6(ScndClass.java:32)
at sun.reflect.NativeMethodAccessorImpl.invoke0(Native Method)
at sun.reflect.NativeMethodAccessorImpl.invoke(NativeMethodAccessorImpl.java:62)
at sun.reflect.DelegatingMethodAccessorImpl.invoke(DelegatingMethodAccessorImpl.java:43)
at java.lang.reflect.Method.invoke(Method.java:498)
at org.testng.internal.MethodInvocationHelper.invokeMethod(MethodInvocationHelper.java:124)
at org.testng.internal.Invoker.invokeMethod(Invoker.java:580)
at org.testng.internal.Invoker.invokeTestMethod(Invoker.java:716)
at org.testng.internal.Invoker.invokeTestMethods(Invoker.java:988)
at org.testng.internal.TestMethodWorker.invokeTestMethods(TestMethodWorker.java:125)
at org.testng.internal.TestMethodWorker.run(TestMethodWorker.java:109)
at org.testng.TestRunner.privateRun(TestRunner.java:648)
at org.testng.TestRunner.run(TestRunner.java:505)
at org.testng.SuiteRunner.runTest(SuiteRunner.java:455)
at org.testng.SuiteRunner.runSequentially(SuiteRunner.java:450)
at org.testng.SuiteRunner.privateRun(SuiteRunner.java:415)
at org.testng.SuiteRunner.run(SuiteRunner.java:364)
at org.testng.SuiteRunnerWorker.runSuite(SuiteRunnerWorker.java:52)
at org.testng.SuiteRunnerWorker.run(SuiteRunnerWorker.java:84)
at org.testng.TestNG.runSuitesSequentially(TestNG.java:1208)
at org.testng.TestNG.runSuitesLocally(TestNG.java:1137)
at org.testng.TestNG.runSuites(TestNG.java:1049)
at org.testng.TestNG.run(TestNG.java:1017)
at org.testng.remote.AbstractRemoteTestNG.run(AbstractRemoteTestNG.java:114)
at org.testng.remote.RemoteTestNG.initAndRun(RemoteTestNG.java:251)
at org.testng.remote.RemoteTestNG.main(RemoteTestNG.java:77)
]]>
            </full-stacktrace>
          </exception> <!-- org.openqa.selenium.NoSuchWindowException -->
          <reporter-output>
          </reporter-output>
        </test-method> <!-- step6 -->
      </class> <!-- webMOBI_AssignmentCode.ScndClass -->
    </test> <!-- Test -->
  </suite> <!-- Suite -->
</testng-results>
